<?xml version="1.0" encoding="UTF-8"?>
<!-- Generated by org.testng.reporters.JUnitXMLReporter -->
<testsuite ignored="4" hostname="DESKTOP-NVPTPKF" failures="0" tests="3" name="Test-runner2" time="105.031" errors="0" timestamp="2021-02-28T14:03:34 IST">
  <testcase classname="com.crm.techsan.lead.CreatNewLeadBykeepAllTheFieldsBlankAndSave" name="creatNewLeadBykeepAllTheFieldsBlankAndSaveTest" time="25.195"/>
  <testcase classname="com.crm.techsan.lead.CreatNewLeadbykeepAllTheMandatoryFieldBlankAndSave" name="creatNewLeadbykeepAllTheMandatoryFieldBlankAndSaveTest" time="19.72"/>
  <testcase classname="com.crm.techsan.lead.NavigateToLeadPage" name="navigateToLeadPageTest" time="10.309"/>
  <testcase classname="com.crm.techsan.generics.BaseClass" name="@AfterSuite configAfterSuite" time="0.0">
    <ignored/>
  </testcase> <!-- @AfterSuite configAfterSuite -->
  <testcase classname="com.crm.techsan.generics.BaseClass" name="@AfterSuite configAfterSuite" time="0.0">
    <ignored/>
  </testcase> <!-- @AfterSuite configAfterSuite -->
  <testcase classname="com.crm.techsan.generics.BaseClass" name="@BeforeSuite configBeforeSuite" time="0.0">
    <ignored/>
  </testcase> <!-- @BeforeSuite configBeforeSuite -->
  <testcase classname="com.crm.techsan.generics.BaseClass" name="@BeforeSuite configBeforeSuite" time="0.0">
    <ignored/>
  </testcase> <!-- @BeforeSuite configBeforeSuite -->
</testsuite> <!-- Test-runner2 -->
