<?xml version="1.0" encoding="UTF-8"?>
<!-- Generated by org.testng.reporters.JUnitXMLReporter -->
<testsuite ignored="2" hostname="DESKTOP-NVPTPKF" failures="0" tests="2" name="Test-runner1" time="96.595" errors="0" timestamp="2021-02-28T14:03:26 IST">
  <testcase classname="com.crm.techsan.lead.CreatNewLeadbByfillAllTheFieldsAndSave" name="creatNewLeadbByfillAllTheFieldsAndSaveTest" time="33.652"/>
  <testcase classname="com.crm.techsan.lead.CreatNewLeadByfillAllTheMandatoryFieldsAndSave" name="creatNewLeadByfillAllTheMandatoryFieldsAndSaveTest" time="28.925"/>
  <testcase classname="com.crm.techsan.generics.BaseClass" name="@AfterSuite configAfterSuite" time="0.0">
    <ignored/>
  </testcase> <!-- @AfterSuite configAfterSuite -->
  <testcase classname="com.crm.techsan.generics.BaseClass" name="@BeforeSuite configBeforeSuite" time="0.0">
    <ignored/>
  </testcase> <!-- @BeforeSuite configBeforeSuite -->
</testsuite> <!-- Test-runner1 -->
