<?xml version="1.0" encoding="UTF-8"?>
<!-- Generated by org.testng.reporters.JUnitReportReporter -->
<testsuite hostname="DESKTOP-NVPTPKF" failures="0" tests="1" name="com.crm.techsan.lead.CreatNewLeadbykeepAllTheMandatoryFieldBlankAndSave" time="29.538" errors="0" timestamp="2021-02-28T14:03:35 IST" skipped="0">
  <testcase classname="com.crm.techsan.lead.CreatNewLeadbykeepAllTheMandatoryFieldBlankAndSave" name="creatNewLeadbykeepAllTheMandatoryFieldBlankAndSaveTest" time="29.538"/>
  <system-out/>
</testsuite> <!-- com.crm.techsan.lead.CreatNewLeadbykeepAllTheMandatoryFieldBlankAndSave -->
