<?xml version="1.0" encoding="UTF-8"?>
<!-- Generated by org.testng.reporters.JUnitReportReporter -->
<testsuite hostname="DESKTOP-NVPTPKF" failures="0" tests="1" name="com.vtigerscripts.Tl_03" time="25.253" errors="0" timestamp="2021-02-25T15:25:28 IST" skipped="0">
  <testcase classname="com.vtigerscripts.Tl_03" name="creatNewLeadByfillAllTheMandatoryFieldsAndSave" time="25.253"/>
  <system-out/>
</testsuite> <!-- com.vtigerscripts.Tl_03 -->
