<?xml version="1.0" encoding="UTF-8"?>
<!-- Generated by org.testng.reporters.JUnitReportReporter -->
<testsuite hostname="DESKTOP-NVPTPKF" failures="0" tests="1" name="com.vtigerscripts.Tl_05" time="25.382" errors="0" timestamp="2021-02-25T15:26:30 IST" skipped="0">
  <testcase classname="com.vtigerscripts.Tl_05" name="creatNewLeadbykeepAllTheMandatoryFieldBlankAndSave" time="25.382"/>
  <system-out/>
</testsuite> <!-- com.vtigerscripts.Tl_05 -->
