<?xml version="1.0" encoding="UTF-8"?>
<!-- Generated by org.testng.reporters.JUnitReportReporter -->
<testsuite hostname="DESKTOP-NVPTPKF" failures="0" tests="1" name="com.vtigerscripts.TC_01" time="18.002" errors="0" timestamp="2021-02-25T20:58:12 IST" skipped="0">
  <testcase classname="com.vtigerscripts.TC_01" name="navigateToLeadPage" time="18.002"/>
  <system-out/>
</testsuite> <!-- com.vtigerscripts.TC_01 -->
