<?xml version="1.0" encoding="UTF-8"?>
<!-- Generated by org.testng.reporters.JUnitReportReporter -->
<testsuite hostname="DESKTOP-NVPTPKF" failures="0" tests="1" name="com.crm.techsan.lead.CreatNewLeadBykeepAllTheFieldsBlankAndSave" time="21.702" errors="0" timestamp="2021-03-01T14:03:57 IST" skipped="0">
  <testcase classname="com.crm.techsan.lead.CreatNewLeadBykeepAllTheFieldsBlankAndSave" name="creatNewLeadBykeepAllTheFieldsBlankAndSaveTest" time="21.702"/>
  <system-out/>
</testsuite> <!-- com.crm.techsan.lead.CreatNewLeadBykeepAllTheFieldsBlankAndSave -->
