<?xml version="1.0" encoding="UTF-8"?>
<!-- Generated by org.testng.reporters.JUnitReportReporter -->
<testsuite hostname="DESKTOP-NVPTPKF" failures="0" tests="1" name="Scripts.ReadDataFromDB" time="1.401" errors="0" timestamp="2021-02-24T22:15:11 IST" skipped="0">
  <testcase classname="Scripts.ReadDataFromDB" name="readData" time="1.401"/>
  <system-out/>
</testsuite> <!-- Scripts.ReadDataFromDB -->
