<?xml version="1.0" encoding="UTF-8"?>
<!-- Generated by org.testng.reporters.JUnitReportReporter -->
<testsuite hostname="DESKTOP-NVPTPKF" failures="0" tests="1" name="com.vtigerscripts.Tl_02" time="32.845" errors="0" timestamp="2021-02-25T22:13:02 IST" skipped="0">
  <testcase classname="com.vtigerscripts.Tl_02" name="creatNewLeadbByfillAllTheFieldsAndSave" time="32.845"/>
  <system-out/>
</testsuite> <!-- com.vtigerscripts.Tl_02 -->
