<?xml version="1.0" encoding="UTF-8"?>
<!-- Generated by org.testng.reporters.JUnitReportReporter -->
<testsuite hostname="DESKTOP-NVPTPKF" failures="0" tests="1" name="Scripts.Test0" time="27.022" errors="0" timestamp="2021-02-25T15:08:15 IST" skipped="0">
  <testcase classname="Scripts.Test0" name="test1" time="27.022"/>
  <system-out/>
</testsuite> <!-- Scripts.Test0 -->
