<?xml version="1.0" encoding="UTF-8"?>
<!-- Generated by org.testng.reporters.JUnitReportReporter -->
<testsuite hostname="DESKTOP-NVPTPKF" failures="0" tests="1" name="com.vtigerscripts.Tl_04" time="22.858" errors="0" timestamp="2021-02-25T22:24:37 IST" skipped="0">
  <testcase classname="com.vtigerscripts.Tl_04" name="creatNewLeadBykeepAllTheFieldsBlankAndSave" time="22.858"/>
  <system-out/>
</testsuite> <!-- com.vtigerscripts.Tl_04 -->
