<?xml version="1.0" encoding="UTF-8"?>
<!-- Generated by org.testng.reporters.JUnitReportReporter -->
<testsuite hostname="DESKTOP-NVPTPKF" failures="0" tests="1" name="com.crm.techsan.lead.CreateLead" time="19.711" errors="0" timestamp="2021-02-28T13:59:00 IST" skipped="0">
  <testcase classname="com.crm.techsan.lead.CreateLead" name="creatNewLeadBykeepAllTheFieldsBlankAndSaveTest" time="19.711"/>
  <system-out/>
</testsuite> <!-- com.crm.techsan.lead.CreateLead -->
