<?xml version="1.0" encoding="UTF-8"?>
<!-- Generated by org.testng.reporters.JUnitReportReporter -->
<testsuite hostname="DESKTOP-NVPTPKF" failures="0" tests="1" name="Scripts.ForthVtiger" time="51.038" errors="0" timestamp="2021-02-24T17:22:25 IST" skipped="0">
  <testcase classname="Scripts.ForthVtiger" name="createOrg" time="51.038"/>
  <system-out/>
</testsuite> <!-- Scripts.ForthVtiger -->
