<?xml version="1.0" encoding="UTF-8"?>
<!-- Generated by org.testng.reporters.JUnitReportReporter -->
<testsuite hostname="DESKTOP-NVPTPKF" failures="0" tests="1" name="com.crm.techsan.leads.CreatNewLeadByfillAllTheMandatoryFieldsAndSave" time="20.553" errors="0" timestamp="2021-02-26T17:08:50 IST" skipped="0">
  <testcase classname="com.crm.techsan.leads.CreatNewLeadByfillAllTheMandatoryFieldsAndSave" name="creatNewLeadByfillAllTheMandatoryFieldsAndSaveTest" time="20.553"/>
  <system-out/>
</testsuite> <!-- com.crm.techsan.leads.CreatNewLeadByfillAllTheMandatoryFieldsAndSave -->
