<?xml version="1.0" encoding="UTF-8"?>
<!-- Generated by org.testng.reporters.JUnitReportReporter -->
<testsuite hostname="DESKTOP-NVPTPKF" failures="0" tests="1" name="com.vtigerscripts.NavigateToLeadPage" time="28.446" errors="0" timestamp="2021-02-25T10:39:05 IST" skipped="0">
  <testcase classname="com.vtigerscripts.NavigateToLeadPage" name="navigateToLeadPage" time="28.446"/>
  <system-out/>
</testsuite> <!-- com.vtigerscripts.NavigateToLeadPage -->
