<?xml version="1.0" encoding="UTF-8"?>
<!-- Generated by org.testng.reporters.JUnitReportReporter -->
<testsuite hostname="DESKTOP-NVPTPKF" failures="0" tests="1" name="com.crm.techsan.leads.NavigateToLeadPage" time="14.938" errors="0" timestamp="2021-02-28T12:49:00 IST" skipped="0">
  <testcase classname="com.crm.techsan.leads.NavigateToLeadPage" name="navigateToLeadPageTest" time="14.938"/>
  <system-out/>
</testsuite> <!-- com.crm.techsan.leads.NavigateToLeadPage -->
